Time resolution is 1 ps
                   0f=0,i=0000000000000000,s=0000
                   5f=0,i=0000000000000001,s=0001
                  10f=0,i=0000000000000010,s=0010
                  15f=0,i=0000000000000011,s=0011
                  20f=0,i=0000000000000100,s=0100
                  25f=0,i=0000000000000101,s=0101
                  30f=0,i=0000000000000110,s=0110
                  35f=0,i=0000000000000111,s=0111
                  40f=0,i=0000000000001000,s=1000
                  45f=0,i=0000000000001001,s=1001
                  50f=0,i=0000000000001010,s=1010
                  55f=0,i=0000000000001011,s=1011
                  60f=1,i=0000000000001100,s=1100
                  65f=1,i=0000000000001101,s=1101
                  70f=1,i=0000000000001110,s=1110
                  75f=1,i=0000000000001111,s=1111
                  80f=0,i=0000000000010000,s=0000
                  85f=0,i=0000000000010001,s=0001
                  90f=0,i=0000000000010010,s=0010
                  95f=0,i=0000000000010011,s=0011
                 100f=0,i=0000000000010100,s=0100
                 105f=0,i=0000000000010101,s=0101
                 110f=0,i=0000000000010110,s=0110
                 115f=0,i=0000000000010111,s=0111
                 120f=0,i=0000000000011000,s=1000
                 125f=0,i=0000000000011001,s=1001
                 130f=0,i=0000000000011010,s=1010
                 135f=1,i=0000000000011011,s=1011
                 140f=1,i=0000000000011100,s=1100
                 145f=1,i=0000000000011101,s=1101
                 150f=1,i=0000000000011110,s=1110
                 155f=1,i=0000000000011111,s=1111
                 160f=0,i=0000000000100000,s=0000
                 165f=0,i=0000000000100001,s=0001
                 170f=0,i=0000000000100010,s=0010
                 175f=0,i=0000000000100011,s=0011
                 180f=0,i=0000000000100100,s=0100
                 185f=0,i=0000000000100101,s=0101
                 190f=0,i=0000000000100110,s=0110
                 195f=0,i=0000000000100111,s=0111
                 200f=0,i=0000000000101000,s=1000
                 205f=0,i=0000000000101001,s=1001
                 210f=1,i=0000000000101010,s=1010
                 215f=0,i=0000000000101011,s=1011
                 220f=1,i=0000000000101100,s=1100
                 225f=1,i=0000000000101101,s=1101
                 230f=1,i=0000000000101110,s=1110
                 235f=1,i=0000000000101111,s=1111
                 240f=0,i=0000000000110000,s=0000
                 245f=0,i=0000000000110001,s=0001
                 250f=0,i=0000000000110010,s=0010
                 255f=0,i=0000000000110011,s=0011
                 260f=0,i=0000000000110100,s=0100
                 265f=0,i=0000000000110101,s=0101
                 270f=0,i=0000000000110110,s=0110
                 275f=0,i=0000000000110111,s=0111
                 280f=0,i=0000000000111000,s=1000
                 285f=0,i=0000000000111001,s=1001
                 290f=1,i=0000000000111010,s=1010
                 295f=1,i=0000000000111011,s=1011
                 300f=1,i=0000000000111100,s=1100
                 305f=1,i=0000000000111101,s=1101
                 310f=1,i=0000000000111110,s=1110
                 315f=1,i=0000000000111111,s=1111
                 320f=0,i=0000000001000000,s=0000
                 325f=0,i=0000000001000001,s=0001
                 330f=0,i=0000000001000010,s=0010
                 335f=0,i=0000000001000011,s=0011
                 340f=0,i=0000000001000100,s=0100
                 345f=0,i=0000000001000101,s=0101
                 350f=0,i=0000000001000110,s=0110
                 355f=0,i=0000000001000111,s=0111
                 360f=0,i=0000000001001000,s=1000
                 365f=1,i=0000000001001001,s=1001
                 370f=0,i=0000000001001010,s=1010
                 375f=0,i=0000000001001011,s=1011
                 380f=1,i=0000000001001100,s=1100
                 385f=1,i=0000000001001101,s=1101
                 390f=1,i=0000000001001110,s=1110
                 395f=1,i=0000000001001111,s=1111
                 400f=0,i=0000000001010000,s=0000
                 405f=0,i=0000000001010001,s=0001
                 410f=0,i=0000000001010010,s=0010
                 415f=0,i=0000000001010011,s=0011
                 420f=0,i=0000000001010100,s=0100
                 425f=0,i=0000000001010101,s=0101
                 430f=0,i=0000000001010110,s=0110
                 435f=0,i=0000000001010111,s=0111
                 440f=0,i=0000000001011000,s=1000
                 445f=1,i=0000000001011001,s=1001
                 450f=0,i=0000000001011010,s=1010
                 455f=1,i=0000000001011011,s=1011
                 460f=1,i=0000000001011100,s=1100
                 465f=1,i=0000000001011101,s=1101
                 470f=1,i=0000000001011110,s=1110
                 475f=1,i=0000000001011111,s=1111
                 480f=0,i=0000000001100000,s=0000
                 485f=0,i=0000000001100001,s=0001
                 490f=0,i=0000000001100010,s=0010
                 495f=0,i=0000000001100011,s=0011
                 500f=0,i=0000000001100100,s=0100
                 505f=0,i=0000000001100101,s=0101
                 510f=0,i=0000000001100110,s=0110
                 515f=0,i=0000000001100111,s=0111
                 520f=0,i=0000000001101000,s=1000
                 525f=1,i=0000000001101001,s=1001
                 530f=1,i=0000000001101010,s=1010
                 535f=0,i=0000000001101011,s=1011
                 540f=1,i=0000000001101100,s=1100
                 545f=1,i=0000000001101101,s=1101
                 550f=1,i=0000000001101110,s=1110
                 555f=1,i=0000000001101111,s=1111
                 560f=0,i=0000000001110000,s=0000
                 565f=0,i=0000000001110001,s=0001
                 570f=0,i=0000000001110010,s=0010
                 575f=0,i=0000000001110011,s=0011
                 580f=0,i=0000000001110100,s=0100
                 585f=0,i=0000000001110101,s=0101
                 590f=0,i=0000000001110110,s=0110
                 595f=0,i=0000000001110111,s=0111
                 600f=0,i=0000000001111000,s=1000
                 605f=1,i=0000000001111001,s=1001
                 610f=1,i=0000000001111010,s=1010
                 615f=1,i=0000000001111011,s=1011
                 620f=1,i=0000000001111100,s=1100
                 625f=1,i=0000000001111101,s=1101
                 630f=1,i=0000000001111110,s=1110
                 635f=1,i=0000000001111111,s=1111
                 640f=0,i=0000000010000000,s=0000
                 645f=0,i=0000000010000001,s=0001
                 650f=0,i=0000000010000010,s=0010
                 655f=0,i=0000000010000011,s=0011
                 660f=0,i=0000000010000100,s=0100
                 665f=0,i=0000000010000101,s=0101
                 670f=0,i=0000000010000110,s=0110
                 675f=0,i=0000000010000111,s=0111
                 680f=1,i=0000000010001000,s=1000
                 685f=0,i=0000000010001001,s=1001
                 690f=0,i=0000000010001010,s=1010
                 695f=0,i=0000000010001011,s=1011
                 700f=1,i=0000000010001100,s=1100
                 705f=1,i=0000000010001101,s=1101
                 710f=1,i=0000000010001110,s=1110
                 715f=1,i=0000000010001111,s=1111
                 720f=0,i=0000000010010000,s=0000
                 725f=0,i=0000000010010001,s=0001
                 730f=0,i=0000000010010010,s=0010
                 735f=0,i=0000000010010011,s=0011
                 740f=0,i=0000000010010100,s=0100
                 745f=0,i=0000000010010101,s=0101
                 750f=0,i=0000000010010110,s=0110
                 755f=0,i=0000000010010111,s=0111
                 760f=1,i=0000000010011000,s=1000
                 765f=0,i=0000000010011001,s=1001
                 770f=0,i=0000000010011010,s=1010
                 775f=1,i=0000000010011011,s=1011
                 780f=1,i=0000000010011100,s=1100
                 785f=1,i=0000000010011101,s=1101
                 790f=1,i=0000000010011110,s=1110
                 795f=1,i=0000000010011111,s=1111
                 800f=0,i=0000000010100000,s=0000
                 805f=0,i=0000000010100001,s=0001
                 810f=0,i=0000000010100010,s=0010
                 815f=0,i=0000000010100011,s=0011
                 820f=0,i=0000000010100100,s=0100
                 825f=0,i=0000000010100101,s=0101
                 830f=0,i=0000000010100110,s=0110
                 835f=0,i=0000000010100111,s=0111
                 840f=1,i=0000000010101000,s=1000
                 845f=0,i=0000000010101001,s=1001
                 850f=1,i=0000000010101010,s=1010
                 855f=0,i=0000000010101011,s=1011
                 860f=1,i=0000000010101100,s=1100
                 865f=1,i=0000000010101101,s=1101
                 870f=1,i=0000000010101110,s=1110
                 875f=1,i=0000000010101111,s=1111
                 880f=0,i=0000000010110000,s=0000
                 885f=0,i=0000000010110001,s=0001
                 890f=0,i=0000000010110010,s=0010
                 895f=0,i=0000000010110011,s=0011
                 900f=0,i=0000000010110100,s=0100
                 905f=0,i=0000000010110101,s=0101
                 910f=0,i=0000000010110110,s=0110
                 915f=0,i=0000000010110111,s=0111
                 920f=1,i=0000000010111000,s=1000
                 925f=0,i=0000000010111001,s=1001
                 930f=1,i=0000000010111010,s=1010
                 935f=1,i=0000000010111011,s=1011
                 940f=1,i=0000000010111100,s=1100
                 945f=1,i=0000000010111101,s=1101
                 950f=1,i=0000000010111110,s=1110
                 955f=1,i=0000000010111111,s=1111
                 960f=0,i=0000000011000000,s=0000
                 965f=0,i=0000000011000001,s=0001
                 970f=0,i=0000000011000010,s=0010
                 975f=0,i=0000000011000011,s=0011
                 980f=0,i=0000000011000100,s=0100
                 985f=0,i=0000000011000101,s=0101
                 990f=0,i=0000000011000110,s=0110
                 995f=0,i=0000000011000111,s=0111
                1000f=1,i=0000000011001000,s=1000
